<?xml version="1.0" encoding="UTF-8"?>
<!-- Generated by org.testng.reporters.JUnitXMLReporter -->
<testsuite ignored="0" hostname="DESKTOP-2k22" failures="1" tests="1" name="Testing(failed)" time="6.713" errors="0" timestamp="2024-06-11T23:54:49 IST">
  <testcase classname="Com.TestCases.TC_03_Verify_methods" name="verify_TC_03_Verify_methods" time="1.507">
    <failure type="java.lang.AssertionError" message="expected [4] but found [3]">
      <![CDATA[java.lang.AssertionError: expected [4] but found [3]
at Com.TestCases.TC_03_Verify_methods.verify_TC_03_Verify_methods(TC_03_Verify_methods.java:29)
at java.base/java.util.ArrayList.forEach(ArrayList.java:1511)
... Removed 34 stack frames]]>
    </failure>
  </testcase> <!-- verify_TC_03_Verify_methods -->
</testsuite> <!-- Testing(failed) -->
